# JRE version: OpenJDK Runtime Environment Temurin-17.0.2+8 (17.0.2+8) (build 17.0.2+8)
# Java VM: OpenJDK 64-Bit Server VM Temurin-17.0.2+8 (17.0.2+8, mixed mode, emulated-client, tiered, compressed oops, compressed class ptrs, g1 gc, windows-amd64)
GC Precious Log:
 CPUs: 8 total, 8 available
 Memory: 8050M
 Large Page Support: Disabled
 NUMA Support: Disabled
 Compressed Oops: Enabled (32-bit)
 Heap Region Size: 1M
 Heap Min Capacity: 8M
 Heap Initial Capacity: 126M
 Heap Max Capacity: 2014M
 Pre-touch: Disabled
 Parallel Workers: 8
 Concurrent Workers: 2
 Concurrent Refinement Workers: 8
 Periodic GC: Disabled
Heap:
 garbage-first heap   total 61440K, used 25380K [0x0000000082200000, 0x0000000100000000)
  region size 1024K, 1 young (1024K), 1 survivors (1024K)
 Metaspace       used 62878K, committed 63296K, reserved 1105920K
  class space    used 8508K, committed 8704K, reserved 1048576K
GC Heap History (20 events):
Event: 1.611 GC heap after
{Heap after GC invocations=6 (full 0):
 garbage-first heap   total 37888K, used 10913K [0x0000000082200000, 0x0000000100000000)
  region size 1024K, 1 young (1024K), 1 survivors (1024K)
 Metaspace       used 25132K, committed 25344K, reserved 1073152K
  class space    used 3098K, committed 3200K, reserved 1048576K
}
Event: 1.760 GC heap before
{Heap before GC invocations=6 (full 0):
 garbage-first heap   total 37888K, used 26273K [0x0000000082200000, 0x0000000100000000)
  region size 1024K, 17 young (17408K), 1 survivors (1024K)
 Metaspace       used 28372K, committed 28672K, reserved 1081344K
  class space    used 3448K, committed 3584K, reserved 1048576K
}
Event: 1.762 GC heap after
{Heap after GC invocations=7 (full 0):
 garbage-first heap   total 69632K, used 11492K [0x0000000082200000, 0x0000000100000000)
  region size 1024K, 2 young (2048K), 2 survivors (2048K)
 Metaspace       used 28372K, committed 28672K, reserved 1081344K
  class space    used 3448K, committed 3584K, reserved 1048576K
}
Event: 2.208 GC heap before
{Heap before GC invocations=7 (full 0):
 garbage-first heap   total 69632K, used 46308K [0x0000000082200000, 0x0000000100000000)
  region size 1024K, 36 young (36864K), 2 survivors (2048K)
 Metaspace       used 32328K, committed 32640K, reserved 1081344K
  class space    used 4055K, committed 4224K, reserved 1048576K
}
Event: 2.211 GC heap after
{Heap after GC invocations=8 (full 0):
 garbage-first heap   total 69632K, used 13508K [0x0000000082200000, 0x0000000100000000)
  region size 1024K, 4 young (4096K), 4 survivors (4096K)
 Metaspace       used 32328K, committed 32640K, reserved 1081344K
  class space    used 4055K, committed 4224K, reserved 1048576K
}
Event: 2.641 GC heap before
{Heap before GC invocations=8 (full 0):
 garbage-first heap   total 69632K, used 37060K [0x0000000082200000, 0x0000000100000000)
  region size 1024K, 28 young (28672K), 4 survivors (4096K)
 Metaspace       used 35843K, committed 36160K, reserved 1081344K
  class space    used 4629K, committed 4736K, reserved 1048576K
}
Event: 2.645 GC heap after
{Heap after GC invocations=9 (full 0):
 garbage-first heap   total 69632K, used 15756K [0x0000000082200000, 0x0000000100000000)
  region size 1024K, 5 young (5120K), 5 survivors (5120K)
 Metaspace       used 35843K, committed 36160K, reserved 1081344K
  class space    used 4629K, committed 4736K, reserved 1048576K
}
Event: 3.118 GC heap before
{Heap before GC invocations=10 (full 0):
 garbage-first heap   total 61440K, used 46476K [0x0000000082200000, 0x0000000100000000)
  region size 1024K, 36 young (36864K), 5 survivors (5120K)
 Metaspace       used 40875K, committed 41216K, reserved 1089536K
  class space    used 5257K, committed 5440K, reserved 1048576K
}
Event: 3.123 GC heap after
{Heap after GC invocations=11 (full 0):
 garbage-first heap   total 61440K, used 17899K [0x0000000082200000, 0x0000000100000000)
  region size 1024K, 5 young (5120K), 5 survivors (5120K)
 Metaspace       used 40875K, committed 41216K, reserved 1089536K
  class space    used 5257K, committed 5440K, reserved 1048576K
}
Event: 3.147 GC heap before
{Heap before GC invocations=11 (full 0):
 garbage-first heap   total 61440K, used 18923K [0x0000000082200000, 0x0000000100000000)
  region size 1024K, 6 young (6144K), 5 survivors (5120K)
 Metaspace       used 41105K, committed 41472K, reserved 1089536K
  class space    used 5306K, committed 5440K, reserved 1048576K
}
Event: 3.150 GC heap after
{Heap after GC invocations=12 (full 0):
 garbage-first heap   total 61440K, used 18475K [0x0000000082200000, 0x0000000100000000)
  region size 1024K, 1 young (1024K), 1 survivors (1024K)
 Metaspace       used 41105K, committed 41472K, reserved 1089536K
  class space    used 5306K, committed 5440K, reserved 1048576K
}
Event: 3.751 GC heap before
{Heap before GC invocations=12 (full 0):
 garbage-first heap   total 61440K, used 45099K [0x0000000082200000, 0x0000000100000000)
  region size 1024K, 28 young (28672K), 1 survivors (1024K)
 Metaspace       used 51351K, committed 51776K, reserved 1097728K
  class space    used 6755K, committed 6976K, reserved 1048576K
}
Event: 3.754 GC heap after
{Heap after GC invocations=13 (full 0):
 garbage-first heap   total 61440K, used 20441K [0x0000000082200000, 0x0000000100000000)
  region size 1024K, 3 young (3072K), 3 survivors (3072K)
 Metaspace       used 51351K, committed 51776K, reserved 1097728K
  class space    used 6755K, committed 6976K, reserved 1048576K
}
Event: 4.075 GC heap before
{Heap before GC invocations=13 (full 0):
 garbage-first heap   total 61440K, used 46041K [0x0000000082200000, 0x0000000100000000)
  region size 1024K, 29 young (29696K), 3 survivors (3072K)
 Metaspace       used 55359K, committed 55808K, reserved 1097728K
  class space    used 7283K, committed 7488K, reserved 1048576K
}
Event: 4.078 GC heap after
{Heap after GC invocations=14 (full 0):
 garbage-first heap   total 61440K, used 21923K [0x0000000082200000, 0x0000000100000000)
  region size 1024K, 2 young (2048K), 2 survivors (2048K)
 Metaspace       used 55359K, committed 55808K, reserved 1097728K
  class space    used 7283K, committed 7488K, reserved 1048576K
}
Event: 4.467 GC heap before
{Heap before GC invocations=14 (full 0):
 garbage-first heap   total 61440K, used 43427K [0x0000000082200000, 0x0000000100000000)
  region size 1024K, 24 young (24576K), 2 survivors (2048K)
 Metaspace       used 60100K, committed 60480K, reserved 1105920K
  class space    used 8039K, committed 8256K, reserved 1048576K
}
Event: 4.470 GC heap after
{Heap after GC invocations=15 (full 0):
 garbage-first heap   total 61440K, used 23170K [0x0000000082200000, 0x0000000100000000)
  region size 1024K, 3 young (3072K), 3 survivors (3072K)
 Metaspace       used 60100K, committed 60480K, reserved 1105920K
  class space    used 8039K, committed 8256K, reserved 1048576K
}
Event: 4.794 GC heap before
{Heap before GC invocations=16 (full 0):
 garbage-first heap   total 61440K, used 48770K [0x0000000082200000, 0x0000000100000000)
  region size 1024K, 28 young (28672K), 3 survivors (3072K)
 Metaspace       used 62767K, committed 63168K, reserved 1105920K
  class space    used 8488K, committed 8640K, reserved 1048576K
}
Event: 4.799 GC heap after
{Heap after GC invocations=17 (full 0):
 garbage-first heap   total 61440K, used 25278K [0x0000000082200000, 0x0000000100000000)
  region size 1024K, 4 young (4096K), 4 survivors (4096K)
 Metaspace       used 62767K, committed 63168K, reserved 1105920K
  class space    used 8488K, committed 8640K, reserved 1048576K
}
Event: 4.813 GC heap before
{Heap before GC invocations=17 (full 0):
 garbage-first heap   total 61440K, used 26302K [0x0000000082200000, 0x0000000100000000)
  region size 1024K, 5 young (5120K), 4 survivors (4096K)
 Metaspace       used 62878K, committed 63296K, reserved 1105920K
  class space    used 8508K, committed 8704K, reserved 1048576K
}

